e:\learning\编译原理\compiler1\compiler1\debug\compiler1.pch
e:\learning\编译原理\compiler1\compiler1\debug\vc140.pdb
e:\learning\编译原理\compiler1\compiler1\debug\vc140.idb
e:\learning\编译原理\compiler1\compiler1\debug\stdafx.obj
e:\learning\编译原理\compiler1\compiler1\debug\assignment.obj
e:\learning\编译原理\compiler1\compiler1\debug\base.obj
e:\learning\编译原理\compiler1\compiler1\debug\compiler1.obj
e:\learning\编译原理\compiler1\compiler1\debug\error.obj
e:\learning\编译原理\compiler1\compiler1\debug\id.obj
e:\learning\编译原理\compiler1\compiler1\debug\keyword.obj
e:\learning\编译原理\compiler1\compiler1\debug\note.obj
e:\learning\编译原理\compiler1\compiler1\debug\num.obj
e:\learning\编译原理\compiler1\compiler1\debug\operation.obj
e:\learning\编译原理\compiler1\compiler1\debug\separator.obj
e:\learning\编译原理\compiler1\compiler1\debug\statement.obj
e:\learning\编译原理\compiler1\debug\compiler1.exe
e:\learning\编译原理\compiler1\compiler1\debug\compiler1.tlog\cl.command.1.tlog
e:\learning\编译原理\compiler1\compiler1\debug\compiler1.tlog\cl.read.1.tlog
e:\learning\编译原理\compiler1\compiler1\debug\compiler1.tlog\cl.write.1.tlog
e:\learning\编译原理\compiler1\compiler1\debug\compiler1.tlog\link.command.1.tlog
e:\learning\编译原理\compiler1\compiler1\debug\compiler1.tlog\link.read.1.tlog
e:\learning\编译原理\compiler1\compiler1\debug\compiler1.tlog\link.write.1.tlog
